<?xml version="1.0" encoding="UTF-8"?>
<!-- Generated by org.testng.reporters.JUnitReportReporter -->
<testsuite hostname="DESKTOP-1CCS179" failures="0" tests="2" name="com.qa.testLayer.LoginPageTest" time="54.680" errors="0" timestamp="2022-07-26T20:49:47 IST" skipped="0">
  <testcase classname="com.qa.testLayer.LoginPageTest" name="verifyLogin" time="27.340"/>
  <system-out/>
  <testcase classname="com.qa.testLayer.LoginPageTest" name="verifyLogin" time="27.340"/>
  <system-out/>
</testsuite> <!-- com.qa.testLayer.LoginPageTest -->
